<?xml version="1.0" encoding="UTF-8"?>
<testsuite name="ApplicationTest" tests="1" skipped="0" failures="0" errors="0" timestamp="2019-10-21T16:23:14" hostname="DESKTOP-BRDNIHI" time="0.003">
  <properties/>
  <testcase name="main" classname="ApplicationTest" time="0.003"/>
  <system-out><![CDATA[]]></system-out>
  <system-err><![CDATA[]]></system-err>
</testsuite>
