<?xml version="1.0" encoding="UTF-8"?>
<testsuite name="app.ParticipantControllerTest" tests="2" skipped="0" failures="0" errors="0" timestamp="2019-10-21T16:23:27" hostname="DESKTOP-BRDNIHI" time="0.308">
  <properties/>
  <testcase name="shouldReturnResponseStatusOk" classname="app.ParticipantControllerTest" time="0.24"/>
  <testcase name="shouldRenderTheAddJsonResponse" classname="app.ParticipantControllerTest" time="0.066"/>
  <system-out><![CDATA[2019-10-21 17:23:27.492  INFO 6415 --- [    Test worker] .b.t.c.SpringBootTestContextBootstrapper : Neither @ContextConfiguration nor @ContextHierarchy found for test class [app.ParticipantControllerTest], using SpringBootContextLoader
2019-10-21 17:23:27.493  INFO 6415 --- [    Test worker] o.s.t.c.support.AbstractContextLoader    : Could not detect default resource locations for test class [app.ParticipantControllerTest]: no resource found for suffixes {-context.xml, Context.groovy}.
2019-10-21 17:23:27.494  INFO 6415 --- [    Test worker] t.c.s.AnnotationConfigContextLoaderUtils : Could not detect default configuration classes for test class [app.ParticipantControllerTest]: ParticipantControllerTest does not declare any static, non-private, non-final, nested classes annotated with @Configuration.
2019-10-21 17:23:27.500  INFO 6415 --- [    Test worker] .b.t.c.SpringBootTestContextBootstrapper : Found @SpringBootConfiguration app.Application for test class app.ParticipantControllerTest
2019-10-21 17:23:27.503  INFO 6415 --- [    Test worker] .b.t.c.SpringBootTestContextBootstrapper : Loaded default TestExecutionListener class names from location [META-INF/spring.factories]: [org.springframework.boot.test.autoconfigure.restdocs.RestDocsTestExecutionListener, org.springframework.boot.test.autoconfigure.web.client.MockRestServiceServerResetTestExecutionListener, org.springframework.boot.test.autoconfigure.web.servlet.MockMvcPrintOnlyOnFailureTestExecutionListener, org.springframework.boot.test.autoconfigure.web.servlet.WebDriverTestExecutionListener, org.springframework.boot.test.mock.mockito.MockitoTestExecutionListener, org.springframework.boot.test.mock.mockito.ResetMocksTestExecutionListener, org.springframework.test.context.web.ServletTestExecutionListener, org.springframework.test.context.support.DirtiesContextBeforeModesTestExecutionListener, org.springframework.test.context.support.DependencyInjectionTestExecutionListener, org.springframework.test.context.support.DirtiesContextTestExecutionListener, org.springframework.test.context.transaction.TransactionalTestExecutionListener, org.springframework.test.context.jdbc.SqlScriptsTestExecutionListener]
2019-10-21 17:23:27.504  INFO 6415 --- [    Test worker] .b.t.c.SpringBootTestContextBootstrapper : Using TestExecutionListeners: [org.springframework.test.context.web.ServletTestExecutionListener@7474a21b, org.springframework.test.context.support.DirtiesContextBeforeModesTestExecutionListener@40a40894, org.springframework.boot.test.mock.mockito.MockitoTestExecutionListener@35d30e0e, org.springframework.boot.test.autoconfigure.SpringBootDependencyInjectionTestExecutionListener@45abfeeb, org.springframework.test.context.support.DirtiesContextTestExecutionListener@149ef83f, org.springframework.test.context.transaction.TransactionalTestExecutionListener@749ea290, org.springframework.test.context.jdbc.SqlScriptsTestExecutionListener@59907173, org.springframework.boot.test.autoconfigure.restdocs.RestDocsTestExecutionListener@4356900c, org.springframework.boot.test.autoconfigure.web.client.MockRestServiceServerResetTestExecutionListener@206ac759, org.springframework.boot.test.autoconfigure.web.servlet.MockMvcPrintOnlyOnFailureTestExecutionListener@21616be6, org.springframework.boot.test.autoconfigure.web.servlet.WebDriverTestExecutionListener@7b208d50, org.springframework.boot.test.mock.mockito.ResetMocksTestExecutionListener@c01b4c8]
2019-10-21 17:23:27.718  INFO 6415 --- [    Test worker] app.controller.ParticipantController     : Adding new Participant into a mem db: Participant[name,age,height,weight,bloodPressure]
]]></system-out>
  <system-err><![CDATA[]]></system-err>
</testsuite>
